<?xml version="1.0" encoding="UTF-8"?>
<testng-results ignored="0" total="2" passed="2" failed="0" skipped="0">
  <reporter-output>
    <line>
      <![CDATA[ login execuation started]]>
    </line>
    <line>
      <![CDATA[ login method excuted]]>
    </line>
  </reporter-output>
  <suite started-at="2022-08-10T19:05:29 IST" name="Default suite" finished-at="2022-08-10T19:07:11 IST" duration-ms="102321">
    <groups>
    </groups>
    <test started-at="2022-08-10T19:05:29 IST" name="Default test" finished-at="2022-08-10T19:07:11 IST" duration-ms="102321">
      <class name="com.testscripts.tc002">
        <test-method is-config="true" signature="setup()[pri:0, instance:com.testscripts.tc002@74455848]" started-at="2022-08-10T19:05:29 IST" name="setup" finished-at="2022-08-10T19:06:08 IST" duration-ms="38716" status="PASS">
          <reporter-output>
          </reporter-output>
        </test-method> <!-- setup -->
        <test-method signature="hrmlogin()[pri:0, instance:com.testscripts.tc002@74455848]" started-at="2022-08-10T19:06:08 IST" name="hrmlogin" finished-at="2022-08-10T19:06:37 IST" duration-ms="29351" status="PASS">
          <reporter-output>
            <line>
              <![CDATA[ login execuation started]]>
            </line>
            <line>
              <![CDATA[ login method excuted]]>
            </line>
          </reporter-output>
        </test-method> <!-- hrmlogin -->
        <test-method signature="addcustomerpage()[pri:0, instance:com.testscripts.tc002@74455848]" started-at="2022-08-10T19:06:37 IST" name="addcustomerpage" finished-at="2022-08-10T19:07:08 IST" duration-ms="30651" status="PASS">
          <reporter-output>
          </reporter-output>
        </test-method> <!-- addcustomerpage -->
        <test-method is-config="true" signature="teardown()[pri:0, instance:com.testscripts.tc002@74455848]" started-at="2022-08-10T19:07:08 IST" name="teardown" finished-at="2022-08-10T19:07:11 IST" duration-ms="3538" status="PASS">
          <reporter-output>
          </reporter-output>
        </test-method> <!-- teardown -->
      </class> <!-- com.testscripts.tc002 -->
    </test> <!-- Default test -->
  </suite> <!-- Default suite -->
</testng-results>
